[debug] [2018-11-16T12:21:17.322Z] ----------------------------------------------------------------------
[debug] [2018-11-16T12:21:17.324Z] Command:       /usr/local/bin/node /usr/local/bin/firebase init dental
[debug] [2018-11-16T12:21:17.325Z] CLI Version:   6.1.0
[debug] [2018-11-16T12:21:17.325Z] Platform:      darwin
[debug] [2018-11-16T12:21:17.325Z] Node Version:  v8.12.0
[debug] [2018-11-16T12:21:17.325Z] Time:          Fri Nov 16 2018 19:21:17 GMT+0700 (+07)
[debug] [2018-11-16T12:21:17.325Z] ----------------------------------------------------------------------
[debug] 
[debug] [2018-11-16T12:21:17.332Z] > command requires scopes: ["email","openid","https://www.googleapis.com/auth/cloudplatformprojects.readonly","https://www.googleapis.com/auth/firebase","https://www.googleapis.com/auth/cloud-platform"]
[debug] [2018-11-16T12:21:17.333Z] > authorizing via signed-in user
[info] 
     ######## #### ########  ######## ########     ###     ######  ########
     ##        ##  ##     ## ##       ##     ##  ##   ##  ##       ##
     ######    ##  ########  ######   ########  #########  ######  ######
     ##        ##  ##    ##  ##       ##     ## ##     ##       ## ##
     ##       #### ##     ## ######## ########  ##     ##  ######  ########

You're about to initialize a Firebase project in this directory:

  /Users/huuthongdev/Desktop/dental_client

[info] 
=== Project Setup
[info] 
[info] First, let's associate this project directory with a Firebase project.
[info] You can create multiple project aliases by running firebase use --add, 
[info] but for now we'll just set up a default project.
[info] 
[debug] [2018-11-16T12:21:17.339Z] >>> HTTP REQUEST GET https://firebase.googleapis.com/v1beta1/projects?page_size=100  
 
[debug] [2018-11-16T12:21:18.709Z] <<< HTTP RESPONSE 200
